<?xml version="1.0" encoding="UTF-8"?>
<testsuite name="NumeralSystemConverterTest" tests="1" skipped="0" failures="0" errors="0" timestamp="2022-02-28T00:36:04" hostname="ZSHWRW001872" time="0.274">
  <properties/>
  <testcase name="start" classname="NumeralSystemConverterTest" time="0.274"/>
  <system-out><![CDATA[?[1;31m
Start test 1?[0m
Do you want to convert /from decimal or /to decimal? (To quit type /exit) > /exit
?[1;31m
Start test 2?[0m
Do you want to convert /from decimal or /to decimal? (To quit type /exit) > /from
Enter number in decimal system: > 652
Enter target base: > 2
Conversion result: 1010001100

Do you want to convert /from decimal or /to decimal? (To quit type /exit) > /exit
?[1;31m
Start test 3?[0m
Do you want to convert /from decimal or /to decimal? (To quit type /exit) > /from
Enter number in decimal system: > 233
Enter target base: > 16
Conversion result: E9

Do you want to convert /from decimal or /to decimal? (To quit type /exit) > /from
Enter number in decimal system: > 868
Enter target base: > 16
Conversion result: 364

Do you want to convert /from decimal or /to decimal? (To quit type /exit) > /from
Enter number in decimal system: > 742
Enter target base: > 16
Conversion result: 2E6

Do you want to convert /from decimal or /to decimal? (To quit type /exit) > /from
Enter number in decimal system: > 658
Enter target base: > 16
Conversion result: 292

Do you want to convert /from decimal or /to decimal? (To quit type /exit) > /from
Enter number in decimal system: > 77
Enter target base: > 16
Conversion result: 4D

Do you want to convert /from decimal or /to decimal? (To quit type /exit) > /exit
?[1;31m
Start test 4?[0m
Do you want to convert /from decimal or /to decimal? (To quit type /exit) > /from
Enter number in decimal system: > 789
Enter target base: > 8
Conversion result: 1425

Do you want to convert /from decimal or /to decimal? (To quit type /exit) > /from
Enter number in decimal system: > 913
Enter target base: > 8
Conversion result: 1621

Do you want to convert /from decimal or /to decimal? (To quit type /exit) > /from
Enter number in decimal system: > 493
Enter target base: > 8
Conversion result: 755

Do you want to convert /from decimal or /to decimal? (To quit type /exit) > /from
Enter number in decimal system: > 768
Enter target base: > 8
Conversion result: 1400

Do you want to convert /from decimal or /to decimal? (To quit type /exit) > /from
Enter number in decimal system: > 33
Enter target base: > 8
Conversion result: 41

Do you want to convert /from decimal or /to decimal? (To quit type /exit) > /exit
?[1;31m
Start test 5?[0m
Do you want to convert /from decimal or /to decimal? (To quit type /exit) > /to
Enter source number: > 101011000
Enter source base: > 2
Conversion to decimal result: 344

Do you want to convert /from decimal or /to decimal? (To quit type /exit) > /exit
?[1;31m
Start test 6?[0m
Do you want to convert /from decimal or /to decimal? (To quit type /exit) > /to
Enter source number: > 1611
Enter source base: > 8
Conversion to decimal result: 905

Do you want to convert /from decimal or /to decimal? (To quit type /exit) > /to
Enter source number: > 1647
Enter source base: > 8
Conversion to decimal result: 935

Do you want to convert /from decimal or /to decimal? (To quit type /exit) > /to
Enter source number: > 725
Enter source base: > 8
Conversion to decimal result: 469

Do you want to convert /from decimal or /to decimal? (To quit type /exit) > /to
Enter source number: > 640
Enter source base: > 8
Conversion to decimal result: 416

Do you want to convert /from decimal or /to decimal? (To quit type /exit) > /to
Enter source number: > 1112
Enter source base: > 8
Conversion to decimal result: 586

Do you want to convert /from decimal or /to decimal? (To quit type /exit) > /exit
?[1;31m
Start test 7?[0m
Do you want to convert /from decimal or /to decimal? (To quit type /exit) > /to
Enter source number: > 397
Enter source base: > 16
Conversion to decimal result: 919

Do you want to convert /from decimal or /to decimal? (To quit type /exit) > /to
Enter source number: > 1ee
Enter source base: > 16
Conversion to decimal result: 494

Do you want to convert /from decimal or /to decimal? (To quit type /exit) > /to
Enter source number: > 267
Enter source base: > 16
Conversion to decimal result: 615

Do you want to convert /from decimal or /to decimal? (To quit type /exit) > /to
Enter source number: > 3bc
Enter source base: > 16
Conversion to decimal result: 956

Do you want to convert /from decimal or /to decimal? (To quit type /exit) > /to
Enter source number: > 1f7
Enter source base: > 16
Conversion to decimal result: 503

Do you want to convert /from decimal or /to decimal? (To quit type /exit) > /exit
]]></system-out>
  <system-err><![CDATA[]]></system-err>
</testsuite>
